[debug] [2021-07-30T14:26:04.053Z] ----------------------------------------------------------------------
[debug] [2021-07-30T14:26:04.055Z] Command:       C:\Program Files\nodejs\node.exe C:\Users\fan8g\AppData\Roaming\npm\node_modules\firebase-tools\lib\bin\firebase.js init
[debug] [2021-07-30T14:26:04.055Z] CLI Version:   9.16.0
[debug] [2021-07-30T14:26:04.055Z] Platform:      win32
[debug] [2021-07-30T14:26:04.055Z] Node Version:  v14.17.0
[debug] [2021-07-30T14:26:04.056Z] Time:          Fri Jul 30 2021 09:26:04 GMT-0500 (Central Daylight Time)
[debug] [2021-07-30T14:26:04.056Z] ----------------------------------------------------------------------
[debug] 
[debug] [2021-07-30T14:26:04.061Z] > command requires scopes: ["email","openid","https://www.googleapis.com/auth/cloudplatformprojects.readonly","https://www.googleapis.com/auth/firebase","https://www.googleapis.com/auth/cloud-platform"]
[debug] [2021-07-30T14:26:04.061Z] > authorizing via signed-in user (fantames02@gmail.com)
[info] 
     ######## #### ########  ######## ########     ###     ######  ########
     ##        ##  ##     ## ##       ##     ##  ##   ##  ##       ##
     ######    ##  ########  ######   ########  #########  ######  ######
     ##        ##  ##    ##  ##       ##     ## ##     ##       ## ##
     ##       #### ##     ## ######## ########  ##     ##  ######  ########

You're about to initialize a Firebase project in this directory:

  C:\Users\fan8g\Desktop\Evangadi\Phase-4\netflix

[info] 
=== Project Setup
[info] 
[info] First, let's associate this project directory with a Firebase project.
[info] You can create multiple project aliases by running firebase use --add, 
[info] but for now we'll just set up a default project.
[info] 
[debug] [2021-07-30T14:28:55.720Z] >>> [apiv2][query] GET https://firebase.googleapis.com/v1beta1/projects pageSize=100
[debug] [2021-07-30T14:28:56.091Z] <<< [apiv2][status] GET https://firebase.googleapis.com/v1beta1/projects 200
[debug] [2021-07-30T14:28:56.091Z] <<< [apiv2][body] GET https://firebase.googleapis.com/v1beta1/projects [omitted]
[info] i  Using project netflic-clone-59478 (Netflic-clone) 
[info] 
=== Database Setup
[info] i  database: ensuring required API firebasedatabase.googleapis.com is enabled... 
[debug] [2021-07-30T14:29:36.216Z] > refreshing access token with scopes: ["email","https://www.googleapis.com/auth/cloud-platform","https://www.googleapis.com/auth/cloudplatformprojects.readonly","https://www.googleapis.com/auth/firebase","openid"]
[debug] [2021-07-30T14:29:36.216Z] >>> HTTP REQUEST POST https://www.googleapis.com/oauth2/v3/token  
 <request body omitted>
[debug] [2021-07-30T14:29:36.362Z] <<< HTTP RESPONSE 200 {"expires":"Mon, 01 Jan 1990 00:00:00 GMT","cache-control":"no-cache, no-store, max-age=0, must-revalidate","pragma":"no-cache","date":"Fri, 30 Jul 2021 14:29:33 GMT","content-type":"application/json; charset=utf-8","vary":"X-Origin, Referer, Origin,Accept-Encoding","server":"scaffolding on HTTPServer2","x-xss-protection":"0","x-frame-options":"SAMEORIGIN","x-content-type-options":"nosniff","alt-svc":"h3=\":443\"; ma=2592000,h3-29=\":443\"; ma=2592000,h3-T051=\":443\"; ma=2592000,h3-Q050=\":443\"; ma=2592000,h3-Q046=\":443\"; ma=2592000,h3-Q043=\":443\"; ma=2592000,quic=\":443\"; ma=2592000; v=\"46,43\"","accept-ranges":"none","transfer-encoding":"chunked"}
[debug] [2021-07-30T14:29:36.376Z] >>> HTTP REQUEST GET https://serviceusage.googleapis.com/v1/projects/netflic-clone-59478/services/firebasedatabase.googleapis.com  
 
[debug] [2021-07-30T14:29:36.782Z] <<< HTTP RESPONSE 200 {"content-type":"application/json; charset=UTF-8","vary":"X-Origin, Referer, Origin,Accept-Encoding","date":"Fri, 30 Jul 2021 14:29:33 GMT","server":"ESF","cache-control":"private","x-xss-protection":"0","x-frame-options":"SAMEORIGIN","x-content-type-options":"nosniff","alt-svc":"h3=\":443\"; ma=2592000,h3-29=\":443\"; ma=2592000,h3-T051=\":443\"; ma=2592000,h3-Q050=\":443\"; ma=2592000,h3-Q046=\":443\"; ma=2592000,h3-Q043=\":443\"; ma=2592000,quic=\":443\"; ma=2592000; v=\"46,43\"","accept-ranges":"none","transfer-encoding":"chunked"}
[warn] !  database: missing required API firebasedatabase.googleapis.com. Enabling now... 
[debug] [2021-07-30T14:29:36.785Z] >>> HTTP REQUEST POST https://serviceusage.googleapis.com/v1/projects/netflic-clone-59478/services/firebasedatabase.googleapis.com:enable  
 
[debug] [2021-07-30T14:29:37.180Z] <<< HTTP RESPONSE 200 {"content-type":"application/json; charset=UTF-8","vary":"X-Origin, Referer, Origin,Accept-Encoding","date":"Fri, 30 Jul 2021 14:29:34 GMT","server":"ESF","cache-control":"private","x-xss-protection":"0","x-frame-options":"SAMEORIGIN","x-content-type-options":"nosniff","alt-svc":"h3=\":443\"; ma=2592000,h3-29=\":443\"; ma=2592000,h3-T051=\":443\"; ma=2592000,h3-Q050=\":443\"; ma=2592000,h3-Q046=\":443\"; ma=2592000,h3-Q043=\":443\"; ma=2592000,quic=\":443\"; ma=2592000; v=\"46,43\"","accept-ranges":"none","transfer-encoding":"chunked"}
[debug] [2021-07-30T14:29:47.187Z] >>> HTTP REQUEST GET https://serviceusage.googleapis.com/v1/projects/netflic-clone-59478/services/firebasedatabase.googleapis.com  
 
[debug] [2021-07-30T14:29:47.441Z] <<< HTTP RESPONSE 200 {"content-type":"application/json; charset=UTF-8","vary":"X-Origin, Referer, Origin,Accept-Encoding","date":"Fri, 30 Jul 2021 14:29:44 GMT","server":"ESF","cache-control":"private","x-xss-protection":"0","x-frame-options":"SAMEORIGIN","x-content-type-options":"nosniff","alt-svc":"h3=\":443\"; ma=2592000,h3-29=\":443\"; ma=2592000,h3-T051=\":443\"; ma=2592000,h3-Q050=\":443\"; ma=2592000,h3-Q046=\":443\"; ma=2592000,h3-Q043=\":443\"; ma=2592000,quic=\":443\"; ma=2592000; v=\"46,43\"","accept-ranges":"none","transfer-encoding":"chunked"}
[info] +  database: required API firebasedatabase.googleapis.com is enabled 
[info] 
[debug] [2021-07-30T14:29:47.449Z] > refreshing access token with scopes: []
[debug] [2021-07-30T14:29:47.449Z] >>> HTTP REQUEST POST https://www.googleapis.com/oauth2/v3/token  
 <request body omitted>
[debug] [2021-07-30T14:29:47.553Z] <<< HTTP RESPONSE 200 {"cache-control":"no-cache, no-store, max-age=0, must-revalidate","pragma":"no-cache","date":"Fri, 30 Jul 2021 14:29:44 GMT","expires":"Mon, 01 Jan 1990 00:00:00 GMT","content-type":"application/json; charset=utf-8","vary":"X-Origin, Referer, Origin,Accept-Encoding","server":"scaffolding on HTTPServer2","x-xss-protection":"0","x-frame-options":"SAMEORIGIN","x-content-type-options":"nosniff","alt-svc":"h3=\":443\"; ma=2592000,h3-29=\":443\"; ma=2592000,h3-T051=\":443\"; ma=2592000,h3-Q050=\":443\"; ma=2592000,h3-Q046=\":443\"; ma=2592000,h3-Q043=\":443\"; ma=2592000,quic=\":443\"; ma=2592000; v=\"46,43\"","accept-ranges":"none","transfer-encoding":"chunked"}
[debug] [2021-07-30T14:29:47.583Z] >>> [apiv2][query] GET https://firebase.googleapis.com/v1beta1/projects/netflic-clone-59478 [none]
[debug] [2021-07-30T14:29:47.797Z] <<< [apiv2][status] GET https://firebase.googleapis.com/v1beta1/projects/netflic-clone-59478 200
[debug] [2021-07-30T14:29:47.797Z] <<< [apiv2][body] GET https://firebase.googleapis.com/v1beta1/projects/netflic-clone-59478 {"projectId":"netflic-clone-59478","projectNumber":"404899482758","displayName":"Netflic-clone","name":"projects/netflic-clone-59478","resources":{"hostingSite":"netflic-clone-59478"},"state":"ACTIVE"}
[debug] [2021-07-30T14:30:44.493Z] > refreshing access token with scopes: ["email","https://www.googleapis.com/auth/cloud-platform","https://www.googleapis.com/auth/cloudplatformprojects.readonly","https://www.googleapis.com/auth/firebase","openid"]
[debug] [2021-07-30T14:30:44.493Z] >>> HTTP REQUEST POST https://www.googleapis.com/oauth2/v3/token  
 <request body omitted>
[debug] [2021-07-30T14:30:44.629Z] <<< HTTP RESPONSE 200 {"pragma":"no-cache","cache-control":"no-cache, no-store, max-age=0, must-revalidate","expires":"Mon, 01 Jan 1990 00:00:00 GMT","date":"Fri, 30 Jul 2021 14:30:41 GMT","content-type":"application/json; charset=utf-8","vary":"X-Origin, Referer, Origin,Accept-Encoding","server":"scaffolding on HTTPServer2","x-xss-protection":"0","x-frame-options":"SAMEORIGIN","x-content-type-options":"nosniff","alt-svc":"h3=\":443\"; ma=2592000,h3-29=\":443\"; ma=2592000,h3-T051=\":443\"; ma=2592000,h3-Q050=\":443\"; ma=2592000,h3-Q046=\":443\"; ma=2592000,h3-Q043=\":443\"; ma=2592000,quic=\":443\"; ma=2592000; v=\"46,43\"","accept-ranges":"none","transfer-encoding":"chunked"}
[debug] [2021-07-30T14:30:44.647Z] >>> HTTP REQUEST POST https://firebasedatabase.googleapis.com/v1beta/projects/netflic-clone-59478/locations/us-central1/instances?databaseId=netflic-clone-59478-default-rtdb&validateOnly=true  
 {"type":"default_database"}
[debug] [2021-07-30T14:30:45.137Z] <<< HTTP RESPONSE 200 {"content-type":"application/json; charset=UTF-8","vary":"X-Origin, Referer, Origin,Accept-Encoding","date":"Fri, 30 Jul 2021 14:30:42 GMT","server":"ESF","cache-control":"private","x-xss-protection":"0","x-frame-options":"SAMEORIGIN","x-content-type-options":"nosniff","alt-svc":"h3=\":443\"; ma=2592000,h3-29=\":443\"; ma=2592000,h3-T051=\":443\"; ma=2592000,h3-Q050=\":443\"; ma=2592000,h3-Q046=\":443\"; ma=2592000,h3-Q043=\":443\"; ma=2592000,quic=\":443\"; ma=2592000; v=\"46,43\"","accept-ranges":"none","transfer-encoding":"chunked"}
[debug] [2021-07-30T14:30:45.142Z] >>> HTTP REQUEST POST https://firebasedatabase.googleapis.com/v1beta/projects/netflic-clone-59478/locations/us-central1/instances?databaseId=netflic-clone-59478-default-rtdb  
 {"type":"default_database"}
[debug] [2021-07-30T14:30:46.019Z] <<< HTTP RESPONSE 200 {"content-type":"application/json; charset=UTF-8","vary":"X-Origin, Referer, Origin,Accept-Encoding","date":"Fri, 30 Jul 2021 14:30:43 GMT","server":"ESF","cache-control":"private","x-xss-protection":"0","x-frame-options":"SAMEORIGIN","x-content-type-options":"nosniff","alt-svc":"h3=\":443\"; ma=2592000,h3-29=\":443\"; ma=2592000,h3-T051=\":443\"; ma=2592000,h3-Q050=\":443\"; ma=2592000,h3-Q046=\":443\"; ma=2592000,h3-Q043=\":443\"; ma=2592000,quic=\":443\"; ma=2592000; v=\"46,43\"","accept-ranges":"none","transfer-encoding":"chunked"}
[info] 
[info] Firebase Realtime Database Security Rules allow you to define how your data should be
[info] structured and when your data can be read from and written to.
[info] 
[debug] [2021-07-30T14:31:11.541Z] >>> HTTP REQUEST GET https://netflic-clone-59478-default-rtdb.firebaseio.com/.settings/rules.json  
 
[debug] [2021-07-30T14:31:12.214Z] <<< HTTP RESPONSE 200 {"server":"nginx","date":"Fri, 30 Jul 2021 14:31:09 GMT","content-type":"application/json; charset=utf-8","content-length":"161","connection":"keep-alive","access-control-allow-origin":"*","cache-control":"no-cache","strict-transport-security":"max-age=31556926; includeSubDomains; preload"}
[info] +  Database Rules for netflic-clone-59478-default-rtdb have been written to y. 
[info] Future modifications to y will update Realtime Database Security Rules when you run
[info] firebase deploy.
[info] 
=== Hosting Setup
[info] 
[info] Your public directory is the folder (relative to your project directory) that
[info] will contain Hosting assets to be uploaded with firebase deploy. If you
[info] have a build process for your assets, use your build's output directory.
[info] 
[debug] [2021-07-30T14:31:56.949Z] >>> [apiv2][query] GET https://www.gstatic.com/firebasejs/releases.json [none]
[debug] [2021-07-30T14:31:57.091Z] <<< [apiv2][status] GET https://www.gstatic.com/firebasejs/releases.json 200
[debug] [2021-07-30T14:31:57.091Z] <<< [apiv2][body] GET https://www.gstatic.com/firebasejs/releases.json {"current":{"version":"8.8.1","browserURL":"https://www.gstatic.com/firebasejs/8.8.1/firebase.js","packageURL":"https://www.gstatic.com/firebasejs/8.8.1/firebase.tgz"},"live":{"version":"8.8","browserURL":"https://www.gstatic.com/firebasejs/live/8.8/firebase.js","packageURL":"https://www.gstatic.com/firebasejs/live/8.8/firebase.tgz"},"components":{"analytics":"https://www.gstatic.com/firebasejs/8.8.1/firebase-analytics.js","app":"https://www.gstatic.com/firebasejs/8.8.1/firebase-app.js","app-check":"https://www.gstatic.com/firebasejs/8.8.1/firebase-app-check.js","auth":"https://www.gstatic.com/firebasejs/8.8.1/firebase-auth.js","database":"https://www.gstatic.com/firebasejs/8.8.1/firebase-database.js","firestore":"https://www.gstatic.com/firebasejs/8.8.1/firebase-firestore.js","functions":"https://www.gstatic.com/firebasejs/8.8.1/firebase-functions.js","installations":"https://www.gstatic.com/firebasejs/8.8.1/firebase-installations.js","messaging":"https://www.gstatic.com/firebasejs/8.8.1/firebase-messaging.js","storage":"https://www.gstatic.com/firebasejs/8.8.1/firebase-storage.js","performance":"https://www.gstatic.com/firebasejs/8.8.1/firebase-performance.js","remote-config":"https://www.gstatic.com/firebasejs/8.8.1/firebase-remote-config.js","firestore.memory":"https://www.gstatic.com/firebasejs/8.8.1/firebase-firestore.memory.js"}}
[info] +  Wrote build/index.html 
[info] 
=== Hosting:github Setup
[info] 
[info] i  Detected a .git folder at C:\Users\fan8g\Desktop\Evangadi\Phase-4\netflix 
[info] i  Authorizing with GitHub to upload your service account to a GitHub repository's secrets store. 
[info] 
[info] Visit this URL on this device to log in:
[info] https://github.com/login/oauth/authorize?client_id=89cf50f02ac6aaed3484&state=283800140&redirect_uri=http%3A%2F%2Flocalhost%3A9005&scope=read%3Auser%20repo%20public_repo
[info] 
[info] Waiting for authentication...
[debug] [2021-07-30T14:33:20.913Z] >>> HTTP REQUEST POST https://github.com/login/oauth/access_token  
 {"client_id":"89cf50f02ac6aaed3484","client_secret":"3330d14abc895d9a74d5f17cd7a00711fa2c5bf0","code":"c9562ea5c57ab45b3fea","redirect_uri":"http://localhost:9005","state":"283800140"}
[debug] [2021-07-30T14:33:21.238Z] <<< HTTP RESPONSE 200 {"server":"GitHub.com","date":"Fri, 30 Jul 2021 14:33:18 GMT","content-type":"application/json; charset=utf-8","transfer-encoding":"chunked","vary":"X-PJAX, Accept-Encoding, Accept, X-Requested-With","permissions-policy":"interest-cohort=()","etag":"W/\"85df6435f18de302c22553c2bc568ad5\"","cache-control":"max-age=0, private, must-revalidate","strict-transport-security":"max-age=31536000; includeSubdomains; preload","x-frame-options":"deny","x-content-type-options":"nosniff","x-xss-protection":"0","referrer-policy":"origin-when-cross-origin, strict-origin-when-cross-origin","expect-ct":"max-age=2592000, report-uri=\"https://api.github.com/_private/browser/errors\"","content-security-policy":"default-src 'none'; base-uri 'self'; block-all-mixed-content; connect-src 'self' uploads.github.com www.githubstatus.com collector.githubapp.com api.github.com github-cloud.s3.amazonaws.com github-production-repository-file-5c1aeb.s3.amazonaws.com github-production-upload-manifest-file-7fdce7.s3.amazonaws.com github-production-user-asset-6210df.s3.amazonaws.com cdn.optimizely.com logx.optimizely.com/v1/events translator.github.com wss://alive.github.com; font-src github.githubassets.com; form-action 'self' github.com gist.github.com; frame-ancestors 'none'; frame-src render.githubusercontent.com render-temp.githubusercontent.com viewscreen.githubusercontent.com; img-src 'self' data: github.githubassets.com identicons.github.com collector.githubapp.com github-cloud.s3.amazonaws.com secured-user-images.githubusercontent.com/ *.githubusercontent.com; manifest-src 'self'; media-src 'none'; script-src github.githubassets.com; style-src 'unsafe-inline' github.githubassets.com; worker-src github.com/socket-worker-3f088aa2.js gist.github.com/socket-worker-3f088aa2.js","x-github-request-id":"E957:4029:149E09F:1CF1318:61040DAE"}
[debug] [2021-07-30T14:33:21.243Z] >>> [apiv2][query] GET https://api.github.com/user [none]
[debug] [2021-07-30T14:33:21.545Z] <<< [apiv2][status] GET https://api.github.com/user 200
[debug] [2021-07-30T14:33:21.545Z] <<< [apiv2][body] GET https://api.github.com/user {"login":"fantames02","id":84606771,"node_id":"MDQ6VXNlcjg0NjA2Nzcx","avatar_url":"https://avatars.githubusercontent.com/u/84606771?v=4","gravatar_id":"","url":"https://api.github.com/users/fantames02","html_url":"https://github.com/fantames02","followers_url":"https://api.github.com/users/fantames02/followers","following_url":"https://api.github.com/users/fantames02/following{/other_user}","gists_url":"https://api.github.com/users/fantames02/gists{/gist_id}","starred_url":"https://api.github.com/users/fantames02/starred{/owner}{/repo}","subscriptions_url":"https://api.github.com/users/fantames02/subscriptions","organizations_url":"https://api.github.com/users/fantames02/orgs","repos_url":"https://api.github.com/users/fantames02/repos","events_url":"https://api.github.com/users/fantames02/events{/privacy}","received_events_url":"https://api.github.com/users/fantames02/received_events","type":"User","site_admin":false,"name":null,"company":null,"blog":"","location":null,"email":null,"hireable":null,"bio":null,"twitter_username":null,"public_repos":10,"public_gists":0,"followers":0,"following":0,"created_at":"2021-05-22T01:15:30Z","updated_at":"2021-07-30T14:33:17Z","private_gists":0,"total_private_repos":0,"owned_private_repos":0,"disk_usage":0,"collaborators":0,"two_factor_authentication":false,"plan":{"name":"free","space":976562499,"collaborators":0,"private_repos":10000}}
[info] 
[info] +  Success! Logged into GitHub as fantames02 
[info] 
[debug] [2021-07-30T14:34:43.924Z] >>> [apiv2][query] GET https://api.github.com/repos//actions/secrets/public-key type=owner
[debug] [2021-07-30T14:34:44.161Z] <<< [apiv2][status] GET https://api.github.com/repos//actions/secrets/public-key 404
[debug] [2021-07-30T14:34:44.161Z] <<< [apiv2][body] GET https://api.github.com/repos//actions/secrets/public-key {"message":"Not Found","documentation_url":"https://docs.github.com/rest"}
